#
# There is insufficient memory for the Java Runtime Environment to continue.
# Native memory allocation (mmap) failed to map 134217728 bytes for Failed to commit area from 0x0000000081c00000 to 0x0000000089c00000 of length 134217728.
# Possible reasons:
#   The system is out of physical RAM or swap space
#   The process is running with CompressedOops enabled, and the Java Heap may be blocking the growth of the native heap
# Possible solutions:
#   Reduce memory load on the system
#   Increase physical memory or swap space
#   Check if swap backing store is full
#   Decrease Java heap size (-Xmx/-Xms)
#   Decrease number of Java threads
#   Decrease Java thread stack sizes (-Xss)
#   Set larger code cache with -XX:ReservedCodeCacheSize=
# This output file may be truncated or incomplete.
#
#  Out of Memory Error (t:/workspace/hotspot/src/os/windows/vm/os_windows.cpp:3357), pid=24516, tid=11176
#
# JRE version:  (9.0+11) (build )
# Java VM: Java HotSpot(TM) 64-Bit Server VM (9.0.4+11, mixed mode, tiered, compressed oops, g1 gc, windows-amd64)
# No core dump will be written. Minidumps are not enabled by default on client versions of Windows
#

---------------  S U M M A R Y ------------

Command Line: -Dfile.encoding=Cp1255 Main

Host: Intel(R) Core(TM) i5-7200U CPU @ 2.50GHz, 4 cores, 7G,  Windows 10 , 64 bit Build 16299 (10.0.16299.15)
Time: Mon Apr 16 15:27:08 2018 ???? º?? ??????? elapsed time: 0 seconds (0d 0h 0m 0s)

---------------  T H R E A D  ---------------

Current thread (0x0000014ae1ebe800):  JavaThread "Unknown thread" [_thread_in_vm, id=11176, stack(0x0000000e5b200000,0x0000000e5b300000)]

Stack: [0x0000000e5b200000,0x0000000e5b300000]
Native frames: (J=compiled Java code, j=interpreted, Vv=VM code, C=native code)
V  [jvm.dll+0x587068]
V  [jvm.dll+0x69c25e]
V  [jvm.dll+0x69d17a]
V  [jvm.dll+0x69d7b3]
V  [jvm.dll+0x21d198]
V  [jvm.dll+0x584bb4]
V  [jvm.dll+0x57a095]
V  [jvm.dll+0x2cd67b]
V  [jvm.dll+0x2cd5e3]
V  [jvm.dll+0x2cd4b2]
V  [jvm.dll+0x2cf4b3]
V  [jvm.dll+0x3191e3]
V  [jvm.dll+0x3198f6]
V  [jvm.dll+0x3192e3]
V  [jvm.dll+0x2adeb8]
V  [jvm.dll+0x2af0e7]
V  [jvm.dll+0x67b34d]
V  [jvm.dll+0x67c70c]
V  [jvm.dll+0x3269c9]
V  [jvm.dll+0x66555e]
V  [jvm.dll+0x391811]
V  [jvm.dll+0x3937c1]
C  [javaw.exe+0x3501]
C  [javaw.exe+0xe25f]
C  [javaw.exe+0xe406]
C  [KERNEL32.DLL+0x11fe4]
C  [ntdll.dll+0x6f061]


---------------  P R O C E S S  ---------------

Java Threads: ( => current thread )

Other Threads:
  0x0000014ae1ed6800 GCTaskThread "GC Thread#0" [stack: 0x0000000e5b300000,0x0000000e5b400000] [id=17684]
  0x0000014ae1ed7800 GCTaskThread "GC Thread#1" [stack: 0x0000000e5b400000,0x0000000e5b500000] [id=21884]
  0x0000014ae1eda800 GCTaskThread "GC Thread#2" [stack: 0x0000000e5b500000,0x0000000e5b600000] [id=10712]
  0x0000014ae1ede000 GCTaskThread "GC Thread#3" [stack: 0x0000000e5b600000,0x0000000e5b700000] [id=6500]
  0x0000014ae1f5c000 ConcurrentGCThread "G1 Main Marker" [stack: 0x0000000e5bc00000,0x0000000e5bd00000] [id=21100]
  0x0000014ae1f5d000 ConcurrentGCThread "G1 Marker#0" [stack: 0x0000000e5bd00000,0x0000000e5be00000] [id=22592]
  0x0000014ae1ef3000 ConcurrentGCThread "G1 Refine#0" [stack: 0x0000000e5ba00000,0x0000000e5bb00000] [id=5960]
  0x0000014ae1eee000 ConcurrentGCThread "G1 Refine#1" [stack: 0x0000000e5b900000,0x0000000e5ba00000] [id=22532]
  0x0000014ae1ee8800 ConcurrentGCThread "G1 Refine#2" [stack: 0x0000000e5b800000,0x0000000e5b900000] [id=17584]
  0x0000014ae1ee5800 ConcurrentGCThread "G1 Refine#3" [stack: 0x0000000e5b700000,0x0000000e5b800000] [id=9536]
  0x0000014ae1ef5800 ConcurrentGCThread "G1 Young RemSet Sampling" [stack: 0x0000000e5bb00000,0x0000000e5bc00000] [id=23484]

=>0x0000014ae1ebe800 (exited) JavaThread "Unknown thread" [_thread_in_vm, id=11176, stack(0x0000000e5b200000,0x0000000e5b300000)]

Threads with active compile tasks:

VM state:not at safepoint (not fully initialized)

VM Mutex/Monitor currently owned by a thread:  ([mutex/lock_event])
[0x0000014ae1ebb770] Heap_lock - owner thread: 0x0000014ae1ebe800

Heap address: 0x0000000081c00000, size: 2020 MB, Compressed Oops mode: Non-zero based: 0x0000000081c00000
Narrow klass base: 0x0000000000000000, Narrow klass shift: 0

GC Heap History (0 events):
No events

Deoptimization events (0 events):
No events

Classes redefined (0 events):
No events

Internal exceptions (0 events):
No events

Events (0 events):
No events


Dynamic libraries:
0x00007ff6ccc50000 - 0x00007ff6ccc8e000 	C:\Program Files\Java\jre-9.0.4\bin\javaw.exe
0x00007ff87ef40000 - 0x00007ff87f120000 	C:\WINDOWS\SYSTEM32\ntdll.dll
0x00007ff87d3e0000 - 0x00007ff87d48e000 	C:\WINDOWS\System32\KERNEL32.DLL
0x00007ff87c140000 - 0x00007ff87c3a6000 	C:\WINDOWS\System32\KERNELBASE.dll
0x00007ff87cfc0000 - 0x00007ff87d061000 	C:\WINDOWS\System32\ADVAPI32.dll
0x00007ff87c580000 - 0x00007ff87c61d000 	C:\WINDOWS\System32\msvcrt.dll
0x00007ff87c4b0000 - 0x00007ff87c50b000 	C:\WINDOWS\System32\sechost.dll
0x00007ff87d240000 - 0x00007ff87d35f000 	C:\WINDOWS\System32\RPCRT4.dll
0x00007ff87c620000 - 0x00007ff87c7af000 	C:\WINDOWS\System32\USER32.dll
0x00007ff87ba90000 - 0x00007ff87bab0000 	C:\WINDOWS\System32\win32u.dll
0x00007ff87c7b0000 - 0x00007ff87c7d8000 	C:\WINDOWS\System32\GDI32.dll
0x00007ff87bab0000 - 0x00007ff87bc43000 	C:\WINDOWS\System32\gdi32full.dll
0x00007ff87c0a0000 - 0x00007ff87c13b000 	C:\WINDOWS\System32\msvcp_win.dll
0x00007ff87bdd0000 - 0x00007ff87bec6000 	C:\WINDOWS\System32\ucrtbase.dll
0x00007ff86fcc0000 - 0x00007ff86ff29000 	C:\WINDOWS\WinSxS\amd64_microsoft.windows.common-controls_6595b64144ccf1df_6.0.16299.371_none_15c7d1789365a290\COMCTL32.dll
0x00007ff874970000 - 0x00007ff87497a000 	C:\WINDOWS\SYSTEM32\VERSION.dll
0x00007ff87c8f0000 - 0x00007ff87cbf8000 	C:\WINDOWS\System32\combase.dll
0x00007ff87bd00000 - 0x00007ff87bd72000 	C:\WINDOWS\System32\bcryptPrimitives.dll
0x00007ff87d080000 - 0x00007ff87d0ad000 	C:\WINDOWS\System32\IMM32.DLL
0x00007ff82a3b0000 - 0x00007ff82a49f000 	C:\Program Files\Java\jre-9.0.4\bin\msvcr120.dll
0x00007ff82c7e0000 - 0x00007ff82c886000 	C:\Program Files\Java\jre-9.0.4\bin\msvcp120.dll
0x0000000068060000 - 0x0000000068a85000 	C:\Program Files\Java\jre-9.0.4\bin\server\jvm.dll
0x00007ff87d070000 - 0x00007ff87d078000 	C:\WINDOWS\System32\PSAPI.DLL
0x00007ff86c1b0000 - 0x00007ff86c1b9000 	C:\WINDOWS\SYSTEM32\WSOCK32.dll
0x00007ff876bf0000 - 0x00007ff876c13000 	C:\WINDOWS\SYSTEM32\WINMM.dll
0x00007ff87cc00000 - 0x00007ff87cc6c000 	C:\WINDOWS\System32\WS2_32.dll
0x00007ff876b90000 - 0x00007ff876bba000 	C:\WINDOWS\SYSTEM32\WINMMBASE.dll
0x00007ff87bd80000 - 0x00007ff87bdca000 	C:\WINDOWS\System32\cfgmgr32.dll
0x00007ff876b70000 - 0x00007ff876b7f000 	C:\Program Files\Java\jre-9.0.4\bin\verify.dll
0x00007ff862fa0000 - 0x00007ff862fc7000 	C:\Program Files\Java\jre-9.0.4\bin\java.dll
0x00007ff875200000 - 0x00007ff875216000 	C:\Program Files\Java\jre-9.0.4\bin\zip.dll
0x00007ff8766f0000 - 0x00007ff8766fa000 	C:\Program Files\Java\jre-9.0.4\bin\jimage.dll
0x00007ff879d40000 - 0x00007ff879f08000 	C:\WINDOWS\SYSTEM32\dbghelp.dll

VM Arguments:
jvm_args: -Dfile.encoding=Cp1255 
java_command: Main
java_class_path (initial): C:\Users\Dganit Uzan\git\BMIGui\BMIGui\bin
Launcher Type: SUN_STANDARD

Logging:
Log output configuration:
#0: stdout all=warning uptime,level,tags
#1: stderr all=off uptime,level,tags

Environment Variables:
PATH=C:\ProgramData\Oracle\Java\javapath;C:\Program Files (x86)\Intel\iCLS Client\;C:\Program Files\Intel\iCLS Client\;C:\Windows\system32;C:\Windows;C:\Windows\System32\Wbem;C:\Windows\System32\WindowsPowerShell\v1.0\;C:\Program Files (x86)\Intel\Intel(R) Management Engine Components\DAL;C:\Program Files\Intel\Intel(R) Management Engine Components\DAL;C:\Program Files (x86)\Intel\Intel(R) Management Engine Components\IPT;C:\Program Files\Intel\Intel(R) Management Engine Components\IPT;C:\Program Files (x86)\NVIDIA Corporation\PhysX\Common;C:\Program Files\Intel\WiFi\bin\;C:\Program Files\Common Files\Intel\WirelessCommon\;C:\Program Files (x86)\Windows Kits\8.1\Windows Performance Toolkit\;C:\WINDOWS\system32;C:\WINDOWS;C:\WINDOWS\System32\Wbem;C:\WINDOWS\System32\WindowsPowerShell\v1.0\;C:\Program Files\Java\jdk-9.0.4\bin
USERNAME=Dganit Uzan
OS=Windows_NT
PROCESSOR_IDENTIFIER=Intel64 Family 6 Model 142 Stepping 9, GenuineIntel



---------------  S Y S T E M  ---------------

OS: Windows 10 , 64 bit Build 16299 (10.0.16299.15)

CPU:total 4 (initial active 4) (2 cores per cpu, 2 threads per core) family 6 model 142 stepping 9, cmov, cx8, fxsr, mmx, sse, sse2, sse3, ssse3, sse4.1, sse4.2, popcnt, avx, avx2, aes, clmul, erms, 3dnowpref, lzcnt, ht, tsc, tscinvbit, bmi1, bmi2, adx, fma

Memory: 4k page, physical 8268912k(1143940k free), swap 23673908k(59884k free)

vm_info: Java HotSpot(TM) 64-Bit Server VM (9.0.4+11) for windows-amd64 JRE (9.0.4+11), built on Dec 20 2017 02:18:54 by "mach5one" with MS VC++ 12.0 (VS2013)

END.
